INFO - 2024-01-26 09:37:23 --> Session: Class initialized using 'CodeIgniter\Session\Handlers\FileHandler' driver.
INFO - 2024-01-26 09:37:30 --> Session: Class initialized using 'CodeIgniter\Session\Handlers\FileHandler' driver.
ERROR - 2024-01-26 09:37:32 --> mysqli_sql_exception: Table 'kuis2110016.tbl_user2110016' doesn't exist in D:\kuis2110016\system\Database\MySQLi\Connection.php:306
Stack trace:
#0 D:\kuis2110016\system\Database\MySQLi\Connection.php(306): mysqli->query('SELECT *\nFROM `...', 0)
#1 D:\kuis2110016\system\Database\BaseConnection.php(692): CodeIgniter\Database\MySQLi\Connection->execute('SELECT *\nFROM `...')
#2 D:\kuis2110016\system\Database\BaseConnection.php(606): CodeIgniter\Database\BaseConnection->simpleQuery('SELECT *\nFROM `...')
#3 D:\kuis2110016\system\Database\BaseBuilder.php(1615): CodeIgniter\Database\BaseConnection->query('SELECT *\nFROM `...', Array, false)
#4 D:\kuis2110016\app\Models\ModelUser.php(29): CodeIgniter\Database\BaseBuilder->get()
#5 D:\kuis2110016\app\Controllers\Login.php(18): App\Models\ModelUser->cek_login('Alfarizi')
#6 D:\kuis2110016\system\CodeIgniter.php(919): App\Controllers\Login->ceklogin()
#7 D:\kuis2110016\system\CodeIgniter.php(494): CodeIgniter\CodeIgniter->runController(Object(App\Controllers\Login))
#8 D:\kuis2110016\system\CodeIgniter.php(353): CodeIgniter\CodeIgniter->handleRequest(NULL, Object(Config\Cache), false)
#9 D:\kuis2110016\public\index.php(79): CodeIgniter\CodeIgniter->run()
#10 D:\kuis2110016\system\Commands\Server\rewrite.php(47): require_once('D:\\kuis2110016\\...')
#11 {main}
CRITICAL - 2024-01-26 09:37:32 --> Table 'kuis2110016.tbl_user2110016' doesn't exist
in SYSTEMPATH\Database\BaseConnection.php on line 646.
 1 SYSTEMPATH\Database\BaseBuilder.php(1615): CodeIgniter\Database\BaseConnection->query('SELECT *
FROM `tbl_user2110016`
WHERE `namauser` = :namauser:', [...], false)
 2 APPPATH\Models\ModelUser.php(29): CodeIgniter\Database\BaseBuilder->get()
 3 APPPATH\Controllers\Login.php(18): App\Models\ModelUser->cek_login('Alfarizi')
 4 SYSTEMPATH\CodeIgniter.php(919): App\Controllers\Login->ceklogin()
 5 SYSTEMPATH\CodeIgniter.php(494): CodeIgniter\CodeIgniter->runController(Object(App\Controllers\Login))
 6 SYSTEMPATH\CodeIgniter.php(353): CodeIgniter\CodeIgniter->handleRequest(null, Object(Config\Cache), false)
 7 FCPATH\index.php(79): CodeIgniter\CodeIgniter->run()
 8 SYSTEMPATH\Commands\Server\rewrite.php(47): require_once('D:\\kuis2110016\\public\\index.php')
INFO - 2024-01-26 09:37:41 --> Session: Class initialized using 'CodeIgniter\Session\Handlers\FileHandler' driver.
INFO - 2024-01-26 09:37:43 --> Session: Class initialized using 'CodeIgniter\Session\Handlers\FileHandler' driver.
INFO - 2024-01-26 09:37:59 --> Session: Class initialized using 'CodeIgniter\Session\Handlers\FileHandler' driver.
ERROR - 2024-01-26 09:38:01 --> mysqli_sql_exception: Table 'kuis2110016.tbl_user2110016' doesn't exist in D:\kuis2110016\system\Database\MySQLi\Connection.php:306
Stack trace:
#0 D:\kuis2110016\system\Database\MySQLi\Connection.php(306): mysqli->query('SELECT *\nFROM `...', 0)
#1 D:\kuis2110016\system\Database\BaseConnection.php(692): CodeIgniter\Database\MySQLi\Connection->execute('SELECT *\nFROM `...')
#2 D:\kuis2110016\system\Database\BaseConnection.php(606): CodeIgniter\Database\BaseConnection->simpleQuery('SELECT *\nFROM `...')
#3 D:\kuis2110016\system\Database\BaseBuilder.php(1615): CodeIgniter\Database\BaseConnection->query('SELECT *\nFROM `...', Array, false)
#4 D:\kuis2110016\app\Models\ModelUser.php(29): CodeIgniter\Database\BaseBuilder->get()
#5 D:\kuis2110016\app\Controllers\Login.php(18): App\Models\ModelUser->cek_login('Alfarizi')
#6 D:\kuis2110016\system\CodeIgniter.php(919): App\Controllers\Login->ceklogin()
#7 D:\kuis2110016\system\CodeIgniter.php(494): CodeIgniter\CodeIgniter->runController(Object(App\Controllers\Login))
#8 D:\kuis2110016\system\CodeIgniter.php(353): CodeIgniter\CodeIgniter->handleRequest(NULL, Object(Config\Cache), false)
#9 D:\kuis2110016\public\index.php(79): CodeIgniter\CodeIgniter->run()
#10 D:\kuis2110016\system\Commands\Server\rewrite.php(47): require_once('D:\\kuis2110016\\...')
#11 {main}
CRITICAL - 2024-01-26 09:38:01 --> Table 'kuis2110016.tbl_user2110016' doesn't exist
in SYSTEMPATH\Database\BaseConnection.php on line 646.
 1 SYSTEMPATH\Database\BaseBuilder.php(1615): CodeIgniter\Database\BaseConnection->query('SELECT *
FROM `tbl_user2110016`
WHERE `namauser` = :namauser:', [...], false)
 2 APPPATH\Models\ModelUser.php(29): CodeIgniter\Database\BaseBuilder->get()
 3 APPPATH\Controllers\Login.php(18): App\Models\ModelUser->cek_login('Alfarizi')
 4 SYSTEMPATH\CodeIgniter.php(919): App\Controllers\Login->ceklogin()
 5 SYSTEMPATH\CodeIgniter.php(494): CodeIgniter\CodeIgniter->runController(Object(App\Controllers\Login))
 6 SYSTEMPATH\CodeIgniter.php(353): CodeIgniter\CodeIgniter->handleRequest(null, Object(Config\Cache), false)
 7 FCPATH\index.php(79): CodeIgniter\CodeIgniter->run()
 8 SYSTEMPATH\Commands\Server\rewrite.php(47): require_once('D:\\kuis2110016\\public\\index.php')
INFO - 2024-01-26 09:39:04 --> Session: Class initialized using 'CodeIgniter\Session\Handlers\FileHandler' driver.
ERROR - 2024-01-26 09:39:06 --> mysqli_sql_exception: Table 'kuis2110016.tbl_user2110016' doesn't exist in D:\kuis2110016\system\Database\MySQLi\Connection.php:306
Stack trace:
#0 D:\kuis2110016\system\Database\MySQLi\Connection.php(306): mysqli->query('SELECT *\nFROM `...', 0)
#1 D:\kuis2110016\system\Database\BaseConnection.php(692): CodeIgniter\Database\MySQLi\Connection->execute('SELECT *\nFROM `...')
#2 D:\kuis2110016\system\Database\BaseConnection.php(606): CodeIgniter\Database\BaseConnection->simpleQuery('SELECT *\nFROM `...')
#3 D:\kuis2110016\system\Database\BaseBuilder.php(1615): CodeIgniter\Database\BaseConnection->query('SELECT *\nFROM `...', Array, false)
#4 D:\kuis2110016\app\Models\ModelUser.php(29): CodeIgniter\Database\BaseBuilder->get()
#5 D:\kuis2110016\app\Controllers\Login.php(18): App\Models\ModelUser->cek_login('Alfarizi')
#6 D:\kuis2110016\system\CodeIgniter.php(919): App\Controllers\Login->ceklogin()
#7 D:\kuis2110016\system\CodeIgniter.php(494): CodeIgniter\CodeIgniter->runController(Object(App\Controllers\Login))
#8 D:\kuis2110016\system\CodeIgniter.php(353): CodeIgniter\CodeIgniter->handleRequest(NULL, Object(Config\Cache), false)
#9 D:\kuis2110016\public\index.php(79): CodeIgniter\CodeIgniter->run()
#10 D:\kuis2110016\system\Commands\Server\rewrite.php(47): require_once('D:\\kuis2110016\\...')
#11 {main}
CRITICAL - 2024-01-26 09:39:06 --> Table 'kuis2110016.tbl_user2110016' doesn't exist
in SYSTEMPATH\Database\BaseConnection.php on line 646.
 1 SYSTEMPATH\Database\BaseBuilder.php(1615): CodeIgniter\Database\BaseConnection->query('SELECT *
FROM `tbl_user2110016`
WHERE `namauser` = :namauser:', [...], false)
 2 APPPATH\Models\ModelUser.php(29): CodeIgniter\Database\BaseBuilder->get()
 3 APPPATH\Controllers\Login.php(18): App\Models\ModelUser->cek_login('Alfarizi')
 4 SYSTEMPATH\CodeIgniter.php(919): App\Controllers\Login->ceklogin()
 5 SYSTEMPATH\CodeIgniter.php(494): CodeIgniter\CodeIgniter->runController(Object(App\Controllers\Login))
 6 SYSTEMPATH\CodeIgniter.php(353): CodeIgniter\CodeIgniter->handleRequest(null, Object(Config\Cache), false)
 7 FCPATH\index.php(79): CodeIgniter\CodeIgniter->run()
 8 SYSTEMPATH\Commands\Server\rewrite.php(47): require_once('D:\\kuis2110016\\public\\index.php')
INFO - 2024-01-26 09:39:10 --> Session: Class initialized using 'CodeIgniter\Session\Handlers\FileHandler' driver.
INFO - 2024-01-26 09:39:47 --> Session: Class initialized using 'CodeIgniter\Session\Handlers\FileHandler' driver.
INFO - 2024-01-26 16:39:54 --> Session: Class initialized using 'CodeIgniter\Session\Handlers\FileHandler' driver.
INFO - 2024-01-26 16:40:08 --> Session: Class initialized using 'CodeIgniter\Session\Handlers\FileHandler' driver.
